==26886== Memcheck, a memory error detector
==26886== Copyright (C) 2002-2022, and GNU GPL'd, by Julian Seward et al.
==26886== Using Valgrind-3.22.0 and LibVEX; rerun with -h for copyright info
==26886== Command: ./so_long maps/map.ber
==26886== Parent PID: 26560
==26886== 
==26886== Syscall param writev(vector[0]) points to uninitialised byte(s)
==26886==    at 0x4AE3864: writev (writev.c:26)
==26886==    by 0x4BDAACA: ??? (in /usr/lib/x86_64-linux-gnu/libxcb.so.1.1.0)
==26886==    by 0x4BDAC4E: ??? (in /usr/lib/x86_64-linux-gnu/libxcb.so.1.1.0)
==26886==    by 0x4BDBD7E: xcb_writev (in /usr/lib/x86_64-linux-gnu/libxcb.so.1.1.0)
==26886==    by 0x48BE0B8: _XSend (in /usr/lib/x86_64-linux-gnu/libX11.so.6.4.0)
==26886==    by 0x48C3148: _XReadEvents (in /usr/lib/x86_64-linux-gnu/libX11.so.6.4.0)
==26886==    by 0x48C352B: XWindowEvent (in /usr/lib/x86_64-linux-gnu/libX11.so.6.4.0)
==26886==    by 0x111415: mlx_int_wait_first_expose (in /home/nedogan/Desktop/sezai/so_long_animation_OK/so_long)
==26886==    by 0x111125: mlx_new_window (in /home/nedogan/Desktop/sezai/so_long_animation_OK/so_long)
==26886==    by 0x10EBB2: game_init (main.c:59)
==26886==    by 0x10EA6A: main (main.c:40)
==26886==  Address 0x4c4616c is 28 bytes inside a block of size 16,384 alloc'd
==26886==    at 0x484D953: calloc (in /usr/libexec/valgrind/vgpreload_memcheck-amd64-linux.so)
==26886==    by 0x48AD42D: XOpenDisplay (in /usr/lib/x86_64-linux-gnu/libX11.so.6.4.0)
==26886==    by 0x110ED6: mlx_init (in /home/nedogan/Desktop/sezai/so_long_animation_OK/so_long)
==26886==    by 0x10EB62: game_init (main.c:56)
==26886==    by 0x10EA6A: main (main.c:40)
==26886==  Uninitialised value was created by a stack allocation
==26886==    at 0x111320: mlx_int_anti_resize_win (in /home/nedogan/Desktop/sezai/so_long_animation_OK/so_long)
==26886== 
==26886== 
==26886== HEAP SUMMARY:
==26886==     in use at exit: 0 bytes in 0 blocks
==26886==   total heap usage: 266,094 allocs, 266,094 frees, 217,581,780 bytes allocated
==26886== 
==26886== All heap blocks were freed -- no leaks are possible
==26886== 
==26886== For lists of detected and suppressed errors, rerun with: -s
==26886== ERROR SUMMARY: 1 errors from 1 contexts (suppressed: 0 from 0)
